C:\Users\sanje\Desktop\Projects\DotNetProfile\DotNetNextClient\dist\out-tsc\src\app\app.component.js
C:\Users\sanje\Desktop\Projects\DotNetProfile\DotNetNextClient\dist\out-tsc\src\app\app.component.js.map
C:\Users\sanje\Desktop\Projects\DotNetProfile\DotNetNextClient\dist\out-tsc\src\app\contactus\contactus.component.js
C:\Users\sanje\Desktop\Projects\DotNetProfile\DotNetNextClient\dist\out-tsc\src\app\contactus\contactus.component.js.map
C:\Users\sanje\Desktop\Projects\DotNetProfile\DotNetNextClient\dist\out-tsc\src\app\home\home.component.js
C:\Users\sanje\Desktop\Projects\DotNetProfile\DotNetNextClient\dist\out-tsc\src\app\home\home.component.js.map
C:\Users\sanje\Desktop\Projects\DotNetProfile\DotNetNextClient\dist\out-tsc\src\app\site-layout\site-layout.component.js
C:\Users\sanje\Desktop\Projects\DotNetProfile\DotNetNextClient\dist\out-tsc\src\app\site-layout\site-layout.component.js.map
C:\Users\sanje\Desktop\Projects\DotNetProfile\DotNetNextClient\dist\out-tsc\src\app\app-layout\app-layout.component.js
C:\Users\sanje\Desktop\Projects\DotNetProfile\DotNetNextClient\dist\out-tsc\src\app\app-layout\app-layout.component.js.map
C:\Users\sanje\Desktop\Projects\DotNetProfile\DotNetNextClient\dist\out-tsc\src\app\login\login.component.js
C:\Users\sanje\Desktop\Projects\DotNetProfile\DotNetNextClient\dist\out-tsc\src\app\login\login.component.js.map
C:\Users\sanje\Desktop\Projects\DotNetProfile\DotNetNextClient\dist\out-tsc\src\app\register\register.component.js
C:\Users\sanje\Desktop\Projects\DotNetProfile\DotNetNextClient\dist\out-tsc\src\app\register\register.component.js.map
C:\Users\sanje\Desktop\Projects\DotNetProfile\DotNetNextClient\dist\out-tsc\src\app\comingsoon\comingsoon.component.js
C:\Users\sanje\Desktop\Projects\DotNetProfile\DotNetNextClient\dist\out-tsc\src\app\comingsoon\comingsoon.component.js.map
C:\Users\sanje\Desktop\Projects\DotNetProfile\DotNetNextClient\dist\out-tsc\src\app\ourteam\ourteam.component.js
C:\Users\sanje\Desktop\Projects\DotNetProfile\DotNetNextClient\dist\out-tsc\src\app\ourteam\ourteam.component.js.map
C:\Users\sanje\Desktop\Projects\DotNetProfile\DotNetNextClient\dist\out-tsc\src\app\app-routing.module.js
C:\Users\sanje\Desktop\Projects\DotNetProfile\DotNetNextClient\dist\out-tsc\src\app\app-routing.module.js.map
C:\Users\sanje\Desktop\Projects\DotNetProfile\DotNetNextClient\dist\out-tsc\src\app\navbar\navbar.component.js
C:\Users\sanje\Desktop\Projects\DotNetProfile\DotNetNextClient\dist\out-tsc\src\app\navbar\navbar.component.js.map
C:\Users\sanje\Desktop\Projects\DotNetProfile\DotNetNextClient\dist\out-tsc\src\app\header\header.component.js
C:\Users\sanje\Desktop\Projects\DotNetProfile\DotNetNextClient\dist\out-tsc\src\app\header\header.component.js.map
C:\Users\sanje\Desktop\Projects\DotNetProfile\DotNetNextClient\dist\out-tsc\src\app\carousel\carousel.component.js
C:\Users\sanje\Desktop\Projects\DotNetProfile\DotNetNextClient\dist\out-tsc\src\app\carousel\carousel.component.js.map
C:\Users\sanje\Desktop\Projects\DotNetProfile\DotNetNextClient\dist\out-tsc\src\app\whatwedo\whatwedo.component.js
C:\Users\sanje\Desktop\Projects\DotNetProfile\DotNetNextClient\dist\out-tsc\src\app\whatwedo\whatwedo.component.js.map
C:\Users\sanje\Desktop\Projects\DotNetProfile\DotNetNextClient\dist\out-tsc\src\app\statistics\statistics.component.js
C:\Users\sanje\Desktop\Projects\DotNetProfile\DotNetNextClient\dist\out-tsc\src\app\statistics\statistics.component.js.map
C:\Users\sanje\Desktop\Projects\DotNetProfile\DotNetNextClient\dist\out-tsc\src\app\aside\aside.component.js
C:\Users\sanje\Desktop\Projects\DotNetProfile\DotNetNextClient\dist\out-tsc\src\app\aside\aside.component.js.map
C:\Users\sanje\Desktop\Projects\DotNetProfile\DotNetNextClient\dist\out-tsc\src\app\footer\footer.component.js
C:\Users\sanje\Desktop\Projects\DotNetProfile\DotNetNextClient\dist\out-tsc\src\app\footer\footer.component.js.map
C:\Users\sanje\Desktop\Projects\DotNetProfile\DotNetNextClient\dist\out-tsc\src\app\app.module.js
C:\Users\sanje\Desktop\Projects\DotNetProfile\DotNetNextClient\dist\out-tsc\src\app\app.module.js.map
C:\Users\sanje\Desktop\Projects\DotNetProfile\DotNetNextClient\dist\out-tsc\src\environments\environment.js
C:\Users\sanje\Desktop\Projects\DotNetProfile\DotNetNextClient\dist\out-tsc\src\environments\environment.js.map
C:\Users\sanje\Desktop\Projects\DotNetProfile\DotNetNextClient\dist\out-tsc\src\main.js
C:\Users\sanje\Desktop\Projects\DotNetProfile\DotNetNextClient\dist\out-tsc\src\main.js.map
C:\Users\sanje\Desktop\Projects\DotNetProfile\DotNetNextClient\dist\out-tsc\src\polyfills.js
C:\Users\sanje\Desktop\Projects\DotNetProfile\DotNetNextClient\dist\out-tsc\src\polyfills.js.map
C:\Users\sanje\Desktop\Projects\DotNetProfile\DotNetNextClient\dist\out-tsc\src\test.js
C:\Users\sanje\Desktop\Projects\DotNetProfile\DotNetNextClient\dist\out-tsc\src\test.js.map
C:\Users\sanje\Desktop\Projects\DotNetProfile\DotNetNextClient\dist\out-tsc\src\environments\environment.prod.js
C:\Users\sanje\Desktop\Projects\DotNetProfile\DotNetNextClient\dist\out-tsc\src\environments\environment.prod.js.map
C:\Users\sanje\Desktop\Projects\DotNetProfile\DotNetNextClient\dist\out-tsc\src\app\app.component.spec.js
C:\Users\sanje\Desktop\Projects\DotNetProfile\DotNetNextClient\dist\out-tsc\src\app\app.component.spec.js.map
C:\Users\sanje\Desktop\Projects\DotNetProfile\DotNetNextClient\dist\out-tsc\src\app\whatwedo\whatwedo.component.spec.js
C:\Users\sanje\Desktop\Projects\DotNetProfile\DotNetNextClient\dist\out-tsc\src\app\whatwedo\whatwedo.component.spec.js.map
C:\Users\sanje\Desktop\Projects\DotNetProfile\DotNetNextClient\dist\out-tsc\src\app\statistics\statistics.component.spec.js
C:\Users\sanje\Desktop\Projects\DotNetProfile\DotNetNextClient\dist\out-tsc\src\app\statistics\statistics.component.spec.js.map
C:\Users\sanje\Desktop\Projects\DotNetProfile\DotNetNextClient\dist\out-tsc\src\app\site-layout\site-layout.component.spec.js
C:\Users\sanje\Desktop\Projects\DotNetProfile\DotNetNextClient\dist\out-tsc\src\app\site-layout\site-layout.component.spec.js.map
C:\Users\sanje\Desktop\Projects\DotNetProfile\DotNetNextClient\dist\out-tsc\src\app\register\register.component.spec.js
C:\Users\sanje\Desktop\Projects\DotNetProfile\DotNetNextClient\dist\out-tsc\src\app\register\register.component.spec.js.map
C:\Users\sanje\Desktop\Projects\DotNetProfile\DotNetNextClient\dist\out-tsc\src\app\ourteam\ourteam.component.spec.js
C:\Users\sanje\Desktop\Projects\DotNetProfile\DotNetNextClient\dist\out-tsc\src\app\ourteam\ourteam.component.spec.js.map
C:\Users\sanje\Desktop\Projects\DotNetProfile\DotNetNextClient\dist\out-tsc\src\app\navbar\navbar.component.spec.js
C:\Users\sanje\Desktop\Projects\DotNetProfile\DotNetNextClient\dist\out-tsc\src\app\navbar\navbar.component.spec.js.map
C:\Users\sanje\Desktop\Projects\DotNetProfile\DotNetNextClient\dist\out-tsc\src\app\login\login.component.spec.js
C:\Users\sanje\Desktop\Projects\DotNetProfile\DotNetNextClient\dist\out-tsc\src\app\login\login.component.spec.js.map
C:\Users\sanje\Desktop\Projects\DotNetProfile\DotNetNextClient\dist\out-tsc\src\app\home\home.component.spec.js
C:\Users\sanje\Desktop\Projects\DotNetProfile\DotNetNextClient\dist\out-tsc\src\app\home\home.component.spec.js.map
C:\Users\sanje\Desktop\Projects\DotNetProfile\DotNetNextClient\dist\out-tsc\src\app\header\header.component.spec.js
C:\Users\sanje\Desktop\Projects\DotNetProfile\DotNetNextClient\dist\out-tsc\src\app\header\header.component.spec.js.map
C:\Users\sanje\Desktop\Projects\DotNetProfile\DotNetNextClient\dist\out-tsc\src\app\footer\footer.component.spec.js
C:\Users\sanje\Desktop\Projects\DotNetProfile\DotNetNextClient\dist\out-tsc\src\app\footer\footer.component.spec.js.map
C:\Users\sanje\Desktop\Projects\DotNetProfile\DotNetNextClient\dist\out-tsc\src\app\comingsoon\comingsoon.component.spec.js
C:\Users\sanje\Desktop\Projects\DotNetProfile\DotNetNextClient\dist\out-tsc\src\app\comingsoon\comingsoon.component.spec.js.map
C:\Users\sanje\Desktop\Projects\DotNetProfile\DotNetNextClient\dist\out-tsc\src\app\carousel\carousel.component.spec.js
C:\Users\sanje\Desktop\Projects\DotNetProfile\DotNetNextClient\dist\out-tsc\src\app\carousel\carousel.component.spec.js.map
C:\Users\sanje\Desktop\Projects\DotNetProfile\DotNetNextClient\dist\out-tsc\src\app\app-layout\app-layout.component.spec.js
C:\Users\sanje\Desktop\Projects\DotNetProfile\DotNetNextClient\dist\out-tsc\src\app\app-layout\app-layout.component.spec.js.map
C:\Users\sanje\Desktop\Projects\DotNetProfile\DotNetNextClient\dist\out-tsc\e2e\app.po.js
C:\Users\sanje\Desktop\Projects\DotNetProfile\DotNetNextClient\dist\out-tsc\e2e\app.po.js.map
C:\Users\sanje\Desktop\Projects\DotNetProfile\DotNetNextClient\dist\out-tsc\e2e\app.e2e-spec.js
C:\Users\sanje\Desktop\Projects\DotNetProfile\DotNetNextClient\dist\out-tsc\e2e\app.e2e-spec.js.map
C:\Users\sanje\Desktop\Projects\DotNetProfile\DotNetNextClient\dist\out-tsc\src\app\app.component.js
C:\Users\sanje\Desktop\Projects\DotNetProfile\DotNetNextClient\dist\out-tsc\src\app\app.component.js.map
C:\Users\sanje\Desktop\Projects\DotNetProfile\DotNetNextClient\dist\out-tsc\src\app\contactus\contactus.component.js
C:\Users\sanje\Desktop\Projects\DotNetProfile\DotNetNextClient\dist\out-tsc\src\app\contactus\contactus.component.js.map
C:\Users\sanje\Desktop\Projects\DotNetProfile\DotNetNextClient\dist\out-tsc\src\app\home\home.component.js
C:\Users\sanje\Desktop\Projects\DotNetProfile\DotNetNextClient\dist\out-tsc\src\app\home\home.component.js.map
C:\Users\sanje\Desktop\Projects\DotNetProfile\DotNetNextClient\dist\out-tsc\src\app\site-layout\site-layout.component.js
C:\Users\sanje\Desktop\Projects\DotNetProfile\DotNetNextClient\dist\out-tsc\src\app\site-layout\site-layout.component.js.map
C:\Users\sanje\Desktop\Projects\DotNetProfile\DotNetNextClient\dist\out-tsc\src\app\app-layout\app-layout.component.js
C:\Users\sanje\Desktop\Projects\DotNetProfile\DotNetNextClient\dist\out-tsc\src\app\app-layout\app-layout.component.js.map
C:\Users\sanje\Desktop\Projects\DotNetProfile\DotNetNextClient\dist\out-tsc\src\app\login\login.component.js
C:\Users\sanje\Desktop\Projects\DotNetProfile\DotNetNextClient\dist\out-tsc\src\app\login\login.component.js.map
C:\Users\sanje\Desktop\Projects\DotNetProfile\DotNetNextClient\dist\out-tsc\src\app\register\register.component.js
C:\Users\sanje\Desktop\Projects\DotNetProfile\DotNetNextClient\dist\out-tsc\src\app\register\register.component.js.map
C:\Users\sanje\Desktop\Projects\DotNetProfile\DotNetNextClient\dist\out-tsc\src\app\comingsoon\comingsoon.component.js
C:\Users\sanje\Desktop\Projects\DotNetProfile\DotNetNextClient\dist\out-tsc\src\app\comingsoon\comingsoon.component.js.map
C:\Users\sanje\Desktop\Projects\DotNetProfile\DotNetNextClient\dist\out-tsc\src\app\ourteam\ourteam.component.js
C:\Users\sanje\Desktop\Projects\DotNetProfile\DotNetNextClient\dist\out-tsc\src\app\ourteam\ourteam.component.js.map
C:\Users\sanje\Desktop\Projects\DotNetProfile\DotNetNextClient\dist\out-tsc\src\app\app-routing.module.js
C:\Users\sanje\Desktop\Projects\DotNetProfile\DotNetNextClient\dist\out-tsc\src\app\app-routing.module.js.map
C:\Users\sanje\Desktop\Projects\DotNetProfile\DotNetNextClient\dist\out-tsc\src\app\navbar\navbar.component.js
C:\Users\sanje\Desktop\Projects\DotNetProfile\DotNetNextClient\dist\out-tsc\src\app\navbar\navbar.component.js.map
C:\Users\sanje\Desktop\Projects\DotNetProfile\DotNetNextClient\dist\out-tsc\src\app\header\header.component.js
C:\Users\sanje\Desktop\Projects\DotNetProfile\DotNetNextClient\dist\out-tsc\src\app\header\header.component.js.map
C:\Users\sanje\Desktop\Projects\DotNetProfile\DotNetNextClient\dist\out-tsc\src\app\carousel\carousel.component.js
C:\Users\sanje\Desktop\Projects\DotNetProfile\DotNetNextClient\dist\out-tsc\src\app\carousel\carousel.component.js.map
C:\Users\sanje\Desktop\Projects\DotNetProfile\DotNetNextClient\dist\out-tsc\src\app\whatwedo\whatwedo.component.js
C:\Users\sanje\Desktop\Projects\DotNetProfile\DotNetNextClient\dist\out-tsc\src\app\whatwedo\whatwedo.component.js.map
C:\Users\sanje\Desktop\Projects\DotNetProfile\DotNetNextClient\dist\out-tsc\src\app\statistics\statistics.component.js
C:\Users\sanje\Desktop\Projects\DotNetProfile\DotNetNextClient\dist\out-tsc\src\app\statistics\statistics.component.js.map
C:\Users\sanje\Desktop\Projects\DotNetProfile\DotNetNextClient\dist\out-tsc\src\app\aside\aside.component.js
C:\Users\sanje\Desktop\Projects\DotNetProfile\DotNetNextClient\dist\out-tsc\src\app\aside\aside.component.js.map
C:\Users\sanje\Desktop\Projects\DotNetProfile\DotNetNextClient\dist\out-tsc\src\app\footer\footer.component.js
C:\Users\sanje\Desktop\Projects\DotNetProfile\DotNetNextClient\dist\out-tsc\src\app\footer\footer.component.js.map
C:\Users\sanje\Desktop\Projects\DotNetProfile\DotNetNextClient\dist\out-tsc\src\app\app.module.js
C:\Users\sanje\Desktop\Projects\DotNetProfile\DotNetNextClient\dist\out-tsc\src\app\app.module.js.map
C:\Users\sanje\Desktop\Projects\DotNetProfile\DotNetNextClient\dist\out-tsc\src\environments\environment.js
C:\Users\sanje\Desktop\Projects\DotNetProfile\DotNetNextClient\dist\out-tsc\src\environments\environment.js.map
C:\Users\sanje\Desktop\Projects\DotNetProfile\DotNetNextClient\dist\out-tsc\src\main.js
C:\Users\sanje\Desktop\Projects\DotNetProfile\DotNetNextClient\dist\out-tsc\src\main.js.map
C:\Users\sanje\Desktop\Projects\DotNetProfile\DotNetNextClient\dist\out-tsc\src\polyfills.js
C:\Users\sanje\Desktop\Projects\DotNetProfile\DotNetNextClient\dist\out-tsc\src\polyfills.js.map
C:\Users\sanje\Desktop\Projects\DotNetProfile\DotNetNextClient\dist\out-tsc\src\test.js
C:\Users\sanje\Desktop\Projects\DotNetProfile\DotNetNextClient\dist\out-tsc\src\test.js.map
C:\Users\sanje\Desktop\Projects\DotNetProfile\DotNetNextClient\dist\out-tsc\src\environments\environment.prod.js
C:\Users\sanje\Desktop\Projects\DotNetProfile\DotNetNextClient\dist\out-tsc\src\environments\environment.prod.js.map
C:\Users\sanje\Desktop\Projects\DotNetProfile\DotNetNextClient\dist\out-tsc\src\app\app.component.spec.js
C:\Users\sanje\Desktop\Projects\DotNetProfile\DotNetNextClient\dist\out-tsc\src\app\app.component.spec.js.map
C:\Users\sanje\Desktop\Projects\DotNetProfile\DotNetNextClient\dist\out-tsc\src\app\whatwedo\whatwedo.component.spec.js
C:\Users\sanje\Desktop\Projects\DotNetProfile\DotNetNextClient\dist\out-tsc\src\app\whatwedo\whatwedo.component.spec.js.map
C:\Users\sanje\Desktop\Projects\DotNetProfile\DotNetNextClient\dist\out-tsc\src\app\statistics\statistics.component.spec.js
C:\Users\sanje\Desktop\Projects\DotNetProfile\DotNetNextClient\dist\out-tsc\src\app\statistics\statistics.component.spec.js.map
C:\Users\sanje\Desktop\Projects\DotNetProfile\DotNetNextClient\dist\out-tsc\src\app\site-layout\site-layout.component.spec.js
C:\Users\sanje\Desktop\Projects\DotNetProfile\DotNetNextClient\dist\out-tsc\src\app\site-layout\site-layout.component.spec.js.map
C:\Users\sanje\Desktop\Projects\DotNetProfile\DotNetNextClient\dist\out-tsc\src\app\register\register.component.spec.js
C:\Users\sanje\Desktop\Projects\DotNetProfile\DotNetNextClient\dist\out-tsc\src\app\register\register.component.spec.js.map
C:\Users\sanje\Desktop\Projects\DotNetProfile\DotNetNextClient\dist\out-tsc\src\app\ourteam\ourteam.component.spec.js
C:\Users\sanje\Desktop\Projects\DotNetProfile\DotNetNextClient\dist\out-tsc\src\app\ourteam\ourteam.component.spec.js.map
C:\Users\sanje\Desktop\Projects\DotNetProfile\DotNetNextClient\dist\out-tsc\src\app\navbar\navbar.component.spec.js
C:\Users\sanje\Desktop\Projects\DotNetProfile\DotNetNextClient\dist\out-tsc\src\app\navbar\navbar.component.spec.js.map
C:\Users\sanje\Desktop\Projects\DotNetProfile\DotNetNextClient\dist\out-tsc\src\app\login\login.component.spec.js
C:\Users\sanje\Desktop\Projects\DotNetProfile\DotNetNextClient\dist\out-tsc\src\app\login\login.component.spec.js.map
C:\Users\sanje\Desktop\Projects\DotNetProfile\DotNetNextClient\dist\out-tsc\src\app\home\home.component.spec.js
C:\Users\sanje\Desktop\Projects\DotNetProfile\DotNetNextClient\dist\out-tsc\src\app\home\home.component.spec.js.map
C:\Users\sanje\Desktop\Projects\DotNetProfile\DotNetNextClient\dist\out-tsc\src\app\header\header.component.spec.js
C:\Users\sanje\Desktop\Projects\DotNetProfile\DotNetNextClient\dist\out-tsc\src\app\header\header.component.spec.js.map
C:\Users\sanje\Desktop\Projects\DotNetProfile\DotNetNextClient\dist\out-tsc\src\app\footer\footer.component.spec.js
C:\Users\sanje\Desktop\Projects\DotNetProfile\DotNetNextClient\dist\out-tsc\src\app\footer\footer.component.spec.js.map
C:\Users\sanje\Desktop\Projects\DotNetProfile\DotNetNextClient\dist\out-tsc\src\app\comingsoon\comingsoon.component.spec.js
C:\Users\sanje\Desktop\Projects\DotNetProfile\DotNetNextClient\dist\out-tsc\src\app\comingsoon\comingsoon.component.spec.js.map
C:\Users\sanje\Desktop\Projects\DotNetProfile\DotNetNextClient\dist\out-tsc\src\app\carousel\carousel.component.spec.js
C:\Users\sanje\Desktop\Projects\DotNetProfile\DotNetNextClient\dist\out-tsc\src\app\carousel\carousel.component.spec.js.map
C:\Users\sanje\Desktop\Projects\DotNetProfile\DotNetNextClient\dist\out-tsc\src\app\app-layout\app-layout.component.spec.js
C:\Users\sanje\Desktop\Projects\DotNetProfile\DotNetNextClient\dist\out-tsc\src\app\app-layout\app-layout.component.spec.js.map
C:\Users\sanje\Desktop\Projects\DotNetProfile\DotNetNextClient\dist\out-tsc\e2e\app.po.js
C:\Users\sanje\Desktop\Projects\DotNetProfile\DotNetNextClient\dist\out-tsc\e2e\app.po.js.map
C:\Users\sanje\Desktop\Projects\DotNetProfile\DotNetNextClient\dist\out-tsc\e2e\app.e2e-spec.js
C:\Users\sanje\Desktop\Projects\DotNetProfile\DotNetNextClient\dist\out-tsc\e2e\app.e2e-spec.js.map
