C:\Users\sanje\Desktop\Projects\DotNetProfile\AngularClient\dist\out-tsc\src\app\app.component.js
C:\Users\sanje\Desktop\Projects\DotNetProfile\AngularClient\dist\out-tsc\src\app\app.component.js.map
C:\Users\sanje\Desktop\Projects\DotNetProfile\AngularClient\dist\out-tsc\src\app\shared\user.model.js
C:\Users\sanje\Desktop\Projects\DotNetProfile\AngularClient\dist\out-tsc\src\app\shared\user.model.js.map
C:\Users\sanje\Desktop\Projects\DotNetProfile\AngularClient\dist\out-tsc\src\app\shared\user.service.js
C:\Users\sanje\Desktop\Projects\DotNetProfile\AngularClient\dist\out-tsc\src\app\shared\user.service.js.map
C:\Users\sanje\Desktop\Projects\DotNetProfile\AngularClient\dist\out-tsc\src\app\user\sign-up\sign-up.component.js
C:\Users\sanje\Desktop\Projects\DotNetProfile\AngularClient\dist\out-tsc\src\app\user\sign-up\sign-up.component.js.map
C:\Users\sanje\Desktop\Projects\DotNetProfile\AngularClient\dist\out-tsc\src\app\login\login.component.js
C:\Users\sanje\Desktop\Projects\DotNetProfile\AngularClient\dist\out-tsc\src\app\login\login.component.js.map
C:\Users\sanje\Desktop\Projects\DotNetProfile\AngularClient\dist\out-tsc\src\app\teacher\teacher.service.js
C:\Users\sanje\Desktop\Projects\DotNetProfile\AngularClient\dist\out-tsc\src\app\teacher\teacher.service.js.map
C:\Users\sanje\Desktop\Projects\DotNetProfile\AngularClient\dist\out-tsc\src\app\teacher\teacher.component.js
C:\Users\sanje\Desktop\Projects\DotNetProfile\AngularClient\dist\out-tsc\src\app\teacher\teacher.component.js.map
C:\Users\sanje\Desktop\Projects\DotNetProfile\AngularClient\dist\out-tsc\src\app\user\sign-in\sign-in.component.js
C:\Users\sanje\Desktop\Projects\DotNetProfile\AngularClient\dist\out-tsc\src\app\user\sign-in\sign-in.component.js.map
C:\Users\sanje\Desktop\Projects\DotNetProfile\AngularClient\dist\out-tsc\src\app\home\home.component.js
C:\Users\sanje\Desktop\Projects\DotNetProfile\AngularClient\dist\out-tsc\src\app\home\home.component.js.map
C:\Users\sanje\Desktop\Projects\DotNetProfile\AngularClient\dist\out-tsc\src\app\auth\auth.guard.js
C:\Users\sanje\Desktop\Projects\DotNetProfile\AngularClient\dist\out-tsc\src\app\auth\auth.guard.js.map
C:\Users\sanje\Desktop\Projects\DotNetProfile\AngularClient\dist\out-tsc\src\app\user\userlist.component.js
C:\Users\sanje\Desktop\Projects\DotNetProfile\AngularClient\dist\out-tsc\src\app\user\userlist.component.js.map
C:\Users\sanje\Desktop\Projects\DotNetProfile\AngularClient\dist\out-tsc\src\app\aboutus\aboutus\aboutus.component.js
C:\Users\sanje\Desktop\Projects\DotNetProfile\AngularClient\dist\out-tsc\src\app\aboutus\aboutus\aboutus.component.js.map
C:\Users\sanje\Desktop\Projects\DotNetProfile\AngularClient\dist\out-tsc\src\app\shared\employee.model.js
C:\Users\sanje\Desktop\Projects\DotNetProfile\AngularClient\dist\out-tsc\src\app\shared\employee.model.js.map
C:\Users\sanje\Desktop\Projects\DotNetProfile\AngularClient\dist\out-tsc\src\app\shared\employee.service.js
C:\Users\sanje\Desktop\Projects\DotNetProfile\AngularClient\dist\out-tsc\src\app\shared\employee.service.js.map
C:\Users\sanje\Desktop\Projects\DotNetProfile\AngularClient\dist\out-tsc\src\app\employee\employee.component.js
C:\Users\sanje\Desktop\Projects\DotNetProfile\AngularClient\dist\out-tsc\src\app\employee\employee.component.js.map
C:\Users\sanje\Desktop\Projects\DotNetProfile\AngularClient\dist\out-tsc\src\app\app-routing.module.js
C:\Users\sanje\Desktop\Projects\DotNetProfile\AngularClient\dist\out-tsc\src\app\app-routing.module.js.map
C:\Users\sanje\Desktop\Projects\DotNetProfile\AngularClient\dist\out-tsc\src\app\auth\auth.interceptor.js
C:\Users\sanje\Desktop\Projects\DotNetProfile\AngularClient\dist\out-tsc\src\app\auth\auth.interceptor.js.map
C:\Users\sanje\Desktop\Projects\DotNetProfile\AngularClient\dist\out-tsc\src\app\employee\employee.pipe.js
C:\Users\sanje\Desktop\Projects\DotNetProfile\AngularClient\dist\out-tsc\src\app\employee\employee.pipe.js.map
C:\Users\sanje\Desktop\Projects\DotNetProfile\AngularClient\dist\out-tsc\src\app\app.module.js
C:\Users\sanje\Desktop\Projects\DotNetProfile\AngularClient\dist\out-tsc\src\app\app.module.js.map
C:\Users\sanje\Desktop\Projects\DotNetProfile\AngularClient\dist\out-tsc\src\environments\environment.js
C:\Users\sanje\Desktop\Projects\DotNetProfile\AngularClient\dist\out-tsc\src\environments\environment.js.map
C:\Users\sanje\Desktop\Projects\DotNetProfile\AngularClient\dist\out-tsc\src\main.js
C:\Users\sanje\Desktop\Projects\DotNetProfile\AngularClient\dist\out-tsc\src\main.js.map
C:\Users\sanje\Desktop\Projects\DotNetProfile\AngularClient\dist\out-tsc\src\polyfills.js
C:\Users\sanje\Desktop\Projects\DotNetProfile\AngularClient\dist\out-tsc\src\polyfills.js.map
C:\Users\sanje\Desktop\Projects\DotNetProfile\AngularClient\dist\out-tsc\src\test.js
C:\Users\sanje\Desktop\Projects\DotNetProfile\AngularClient\dist\out-tsc\src\test.js.map
C:\Users\sanje\Desktop\Projects\DotNetProfile\AngularClient\dist\out-tsc\src\environments\environment.prod.js
C:\Users\sanje\Desktop\Projects\DotNetProfile\AngularClient\dist\out-tsc\src\environments\environment.prod.js.map
C:\Users\sanje\Desktop\Projects\DotNetProfile\AngularClient\dist\out-tsc\src\app\app.component.spec.js
C:\Users\sanje\Desktop\Projects\DotNetProfile\AngularClient\dist\out-tsc\src\app\app.component.spec.js.map
C:\Users\sanje\Desktop\Projects\DotNetProfile\AngularClient\dist\out-tsc\src\app\user\userlist.component.spec.js
C:\Users\sanje\Desktop\Projects\DotNetProfile\AngularClient\dist\out-tsc\src\app\user\userlist.component.spec.js.map
C:\Users\sanje\Desktop\Projects\DotNetProfile\AngularClient\dist\out-tsc\src\app\user\sign-up\sign-up.component.spec.js
C:\Users\sanje\Desktop\Projects\DotNetProfile\AngularClient\dist\out-tsc\src\app\user\sign-up\sign-up.component.spec.js.map
C:\Users\sanje\Desktop\Projects\DotNetProfile\AngularClient\dist\out-tsc\src\app\user\sign-in\sign-in.component.spec.js
C:\Users\sanje\Desktop\Projects\DotNetProfile\AngularClient\dist\out-tsc\src\app\user\sign-in\sign-in.component.spec.js.map
C:\Users\sanje\Desktop\Projects\DotNetProfile\AngularClient\dist\out-tsc\src\app\teacher\teacher.component.spec.js
C:\Users\sanje\Desktop\Projects\DotNetProfile\AngularClient\dist\out-tsc\src\app\teacher\teacher.component.spec.js.map
C:\Users\sanje\Desktop\Projects\DotNetProfile\AngularClient\dist\out-tsc\src\app\shared\user.service.spec.js
C:\Users\sanje\Desktop\Projects\DotNetProfile\AngularClient\dist\out-tsc\src\app\shared\user.service.spec.js.map
C:\Users\sanje\Desktop\Projects\DotNetProfile\AngularClient\dist\out-tsc\src\app\login\login.component.spec.js
C:\Users\sanje\Desktop\Projects\DotNetProfile\AngularClient\dist\out-tsc\src\app\login\login.component.spec.js.map
C:\Users\sanje\Desktop\Projects\DotNetProfile\AngularClient\dist\out-tsc\src\app\home\home.component.spec.js
C:\Users\sanje\Desktop\Projects\DotNetProfile\AngularClient\dist\out-tsc\src\app\home\home.component.spec.js.map
C:\Users\sanje\Desktop\Projects\DotNetProfile\AngularClient\dist\out-tsc\src\app\auth\auth.guard.spec.js
C:\Users\sanje\Desktop\Projects\DotNetProfile\AngularClient\dist\out-tsc\src\app\auth\auth.guard.spec.js.map
C:\Users\sanje\Desktop\Projects\DotNetProfile\AngularClient\dist\out-tsc\src\app\aboutus\aboutus\aboutus.component.spec.js
C:\Users\sanje\Desktop\Projects\DotNetProfile\AngularClient\dist\out-tsc\src\app\aboutus\aboutus\aboutus.component.spec.js.map
C:\Users\sanje\Desktop\Projects\DotNetProfile\AngularClient\dist\out-tsc\e2e\app.po.js
C:\Users\sanje\Desktop\Projects\DotNetProfile\AngularClient\dist\out-tsc\e2e\app.po.js.map
C:\Users\sanje\Desktop\Projects\DotNetProfile\AngularClient\dist\out-tsc\e2e\app.e2e-spec.js
C:\Users\sanje\Desktop\Projects\DotNetProfile\AngularClient\dist\out-tsc\e2e\app.e2e-spec.js.map
C:\Users\sanje\Desktop\Projects\DotNetProfile\AngularClient\dist\out-tsc\src\app\app.component.js
C:\Users\sanje\Desktop\Projects\DotNetProfile\AngularClient\dist\out-tsc\src\app\app.component.js.map
C:\Users\sanje\Desktop\Projects\DotNetProfile\AngularClient\dist\out-tsc\src\app\shared\user.model.js
C:\Users\sanje\Desktop\Projects\DotNetProfile\AngularClient\dist\out-tsc\src\app\shared\user.model.js.map
C:\Users\sanje\Desktop\Projects\DotNetProfile\AngularClient\dist\out-tsc\src\app\shared\user.service.js
C:\Users\sanje\Desktop\Projects\DotNetProfile\AngularClient\dist\out-tsc\src\app\shared\user.service.js.map
C:\Users\sanje\Desktop\Projects\DotNetProfile\AngularClient\dist\out-tsc\src\app\user\sign-up\sign-up.component.js
C:\Users\sanje\Desktop\Projects\DotNetProfile\AngularClient\dist\out-tsc\src\app\user\sign-up\sign-up.component.js.map
C:\Users\sanje\Desktop\Projects\DotNetProfile\AngularClient\dist\out-tsc\src\app\login\login.component.js
C:\Users\sanje\Desktop\Projects\DotNetProfile\AngularClient\dist\out-tsc\src\app\login\login.component.js.map
C:\Users\sanje\Desktop\Projects\DotNetProfile\AngularClient\dist\out-tsc\src\app\teacher\teacher.service.js
C:\Users\sanje\Desktop\Projects\DotNetProfile\AngularClient\dist\out-tsc\src\app\teacher\teacher.service.js.map
C:\Users\sanje\Desktop\Projects\DotNetProfile\AngularClient\dist\out-tsc\src\app\teacher\teacher.component.js
C:\Users\sanje\Desktop\Projects\DotNetProfile\AngularClient\dist\out-tsc\src\app\teacher\teacher.component.js.map
C:\Users\sanje\Desktop\Projects\DotNetProfile\AngularClient\dist\out-tsc\src\app\user\sign-in\sign-in.component.js
C:\Users\sanje\Desktop\Projects\DotNetProfile\AngularClient\dist\out-tsc\src\app\user\sign-in\sign-in.component.js.map
C:\Users\sanje\Desktop\Projects\DotNetProfile\AngularClient\dist\out-tsc\src\app\home\home.component.js
C:\Users\sanje\Desktop\Projects\DotNetProfile\AngularClient\dist\out-tsc\src\app\home\home.component.js.map
C:\Users\sanje\Desktop\Projects\DotNetProfile\AngularClient\dist\out-tsc\src\app\auth\auth.guard.js
C:\Users\sanje\Desktop\Projects\DotNetProfile\AngularClient\dist\out-tsc\src\app\auth\auth.guard.js.map
C:\Users\sanje\Desktop\Projects\DotNetProfile\AngularClient\dist\out-tsc\src\app\user\userlist.component.js
C:\Users\sanje\Desktop\Projects\DotNetProfile\AngularClient\dist\out-tsc\src\app\user\userlist.component.js.map
C:\Users\sanje\Desktop\Projects\DotNetProfile\AngularClient\dist\out-tsc\src\app\aboutus\aboutus\aboutus.component.js
C:\Users\sanje\Desktop\Projects\DotNetProfile\AngularClient\dist\out-tsc\src\app\aboutus\aboutus\aboutus.component.js.map
C:\Users\sanje\Desktop\Projects\DotNetProfile\AngularClient\dist\out-tsc\src\app\shared\employee.model.js
C:\Users\sanje\Desktop\Projects\DotNetProfile\AngularClient\dist\out-tsc\src\app\shared\employee.model.js.map
C:\Users\sanje\Desktop\Projects\DotNetProfile\AngularClient\dist\out-tsc\src\app\shared\employee.service.js
C:\Users\sanje\Desktop\Projects\DotNetProfile\AngularClient\dist\out-tsc\src\app\shared\employee.service.js.map
C:\Users\sanje\Desktop\Projects\DotNetProfile\AngularClient\dist\out-tsc\src\app\employee\employee.component.js
C:\Users\sanje\Desktop\Projects\DotNetProfile\AngularClient\dist\out-tsc\src\app\employee\employee.component.js.map
C:\Users\sanje\Desktop\Projects\DotNetProfile\AngularClient\dist\out-tsc\src\app\app-routing.module.js
C:\Users\sanje\Desktop\Projects\DotNetProfile\AngularClient\dist\out-tsc\src\app\app-routing.module.js.map
C:\Users\sanje\Desktop\Projects\DotNetProfile\AngularClient\dist\out-tsc\src\app\auth\auth.interceptor.js
C:\Users\sanje\Desktop\Projects\DotNetProfile\AngularClient\dist\out-tsc\src\app\auth\auth.interceptor.js.map
C:\Users\sanje\Desktop\Projects\DotNetProfile\AngularClient\dist\out-tsc\src\app\employee\employee.pipe.js
C:\Users\sanje\Desktop\Projects\DotNetProfile\AngularClient\dist\out-tsc\src\app\employee\employee.pipe.js.map
C:\Users\sanje\Desktop\Projects\DotNetProfile\AngularClient\dist\out-tsc\src\app\app.module.js
C:\Users\sanje\Desktop\Projects\DotNetProfile\AngularClient\dist\out-tsc\src\app\app.module.js.map
C:\Users\sanje\Desktop\Projects\DotNetProfile\AngularClient\dist\out-tsc\src\environments\environment.js
C:\Users\sanje\Desktop\Projects\DotNetProfile\AngularClient\dist\out-tsc\src\environments\environment.js.map
C:\Users\sanje\Desktop\Projects\DotNetProfile\AngularClient\dist\out-tsc\src\main.js
C:\Users\sanje\Desktop\Projects\DotNetProfile\AngularClient\dist\out-tsc\src\main.js.map
C:\Users\sanje\Desktop\Projects\DotNetProfile\AngularClient\dist\out-tsc\src\polyfills.js
C:\Users\sanje\Desktop\Projects\DotNetProfile\AngularClient\dist\out-tsc\src\polyfills.js.map
C:\Users\sanje\Desktop\Projects\DotNetProfile\AngularClient\dist\out-tsc\src\test.js
C:\Users\sanje\Desktop\Projects\DotNetProfile\AngularClient\dist\out-tsc\src\test.js.map
C:\Users\sanje\Desktop\Projects\DotNetProfile\AngularClient\dist\out-tsc\src\environments\environment.prod.js
C:\Users\sanje\Desktop\Projects\DotNetProfile\AngularClient\dist\out-tsc\src\environments\environment.prod.js.map
C:\Users\sanje\Desktop\Projects\DotNetProfile\AngularClient\dist\out-tsc\src\app\app.component.spec.js
C:\Users\sanje\Desktop\Projects\DotNetProfile\AngularClient\dist\out-tsc\src\app\app.component.spec.js.map
C:\Users\sanje\Desktop\Projects\DotNetProfile\AngularClient\dist\out-tsc\src\app\user\userlist.component.spec.js
C:\Users\sanje\Desktop\Projects\DotNetProfile\AngularClient\dist\out-tsc\src\app\user\userlist.component.spec.js.map
C:\Users\sanje\Desktop\Projects\DotNetProfile\AngularClient\dist\out-tsc\src\app\user\sign-up\sign-up.component.spec.js
C:\Users\sanje\Desktop\Projects\DotNetProfile\AngularClient\dist\out-tsc\src\app\user\sign-up\sign-up.component.spec.js.map
C:\Users\sanje\Desktop\Projects\DotNetProfile\AngularClient\dist\out-tsc\src\app\user\sign-in\sign-in.component.spec.js
C:\Users\sanje\Desktop\Projects\DotNetProfile\AngularClient\dist\out-tsc\src\app\user\sign-in\sign-in.component.spec.js.map
C:\Users\sanje\Desktop\Projects\DotNetProfile\AngularClient\dist\out-tsc\src\app\teacher\teacher.component.spec.js
C:\Users\sanje\Desktop\Projects\DotNetProfile\AngularClient\dist\out-tsc\src\app\teacher\teacher.component.spec.js.map
C:\Users\sanje\Desktop\Projects\DotNetProfile\AngularClient\dist\out-tsc\src\app\shared\user.service.spec.js
C:\Users\sanje\Desktop\Projects\DotNetProfile\AngularClient\dist\out-tsc\src\app\shared\user.service.spec.js.map
C:\Users\sanje\Desktop\Projects\DotNetProfile\AngularClient\dist\out-tsc\src\app\login\login.component.spec.js
C:\Users\sanje\Desktop\Projects\DotNetProfile\AngularClient\dist\out-tsc\src\app\login\login.component.spec.js.map
C:\Users\sanje\Desktop\Projects\DotNetProfile\AngularClient\dist\out-tsc\src\app\home\home.component.spec.js
C:\Users\sanje\Desktop\Projects\DotNetProfile\AngularClient\dist\out-tsc\src\app\home\home.component.spec.js.map
C:\Users\sanje\Desktop\Projects\DotNetProfile\AngularClient\dist\out-tsc\src\app\auth\auth.guard.spec.js
C:\Users\sanje\Desktop\Projects\DotNetProfile\AngularClient\dist\out-tsc\src\app\auth\auth.guard.spec.js.map
C:\Users\sanje\Desktop\Projects\DotNetProfile\AngularClient\dist\out-tsc\src\app\aboutus\aboutus\aboutus.component.spec.js
C:\Users\sanje\Desktop\Projects\DotNetProfile\AngularClient\dist\out-tsc\src\app\aboutus\aboutus\aboutus.component.spec.js.map
C:\Users\sanje\Desktop\Projects\DotNetProfile\AngularClient\dist\out-tsc\e2e\app.po.js
C:\Users\sanje\Desktop\Projects\DotNetProfile\AngularClient\dist\out-tsc\e2e\app.po.js.map
C:\Users\sanje\Desktop\Projects\DotNetProfile\AngularClient\dist\out-tsc\e2e\app.e2e-spec.js
C:\Users\sanje\Desktop\Projects\DotNetProfile\AngularClient\dist\out-tsc\e2e\app.e2e-spec.js.map
C:\Users\sanje\Desktop\Projects\DotNetProfile\AngularClient\dist\out-tsc\src\app\app.component.js
C:\Users\sanje\Desktop\Projects\DotNetProfile\AngularClient\dist\out-tsc\src\app\app.component.js.map
C:\Users\sanje\Desktop\Projects\DotNetProfile\AngularClient\dist\out-tsc\src\app\shared\user.model.js
C:\Users\sanje\Desktop\Projects\DotNetProfile\AngularClient\dist\out-tsc\src\app\shared\user.model.js.map
C:\Users\sanje\Desktop\Projects\DotNetProfile\AngularClient\dist\out-tsc\src\app\shared\user.service.js
C:\Users\sanje\Desktop\Projects\DotNetProfile\AngularClient\dist\out-tsc\src\app\shared\user.service.js.map
C:\Users\sanje\Desktop\Projects\DotNetProfile\AngularClient\dist\out-tsc\src\app\user\sign-up\sign-up.component.js
C:\Users\sanje\Desktop\Projects\DotNetProfile\AngularClient\dist\out-tsc\src\app\user\sign-up\sign-up.component.js.map
C:\Users\sanje\Desktop\Projects\DotNetProfile\AngularClient\dist\out-tsc\src\app\login\login.component.js
C:\Users\sanje\Desktop\Projects\DotNetProfile\AngularClient\dist\out-tsc\src\app\login\login.component.js.map
C:\Users\sanje\Desktop\Projects\DotNetProfile\AngularClient\dist\out-tsc\src\app\teacher\teacher.service.js
C:\Users\sanje\Desktop\Projects\DotNetProfile\AngularClient\dist\out-tsc\src\app\teacher\teacher.service.js.map
C:\Users\sanje\Desktop\Projects\DotNetProfile\AngularClient\dist\out-tsc\src\app\teacher\teacher.component.js
C:\Users\sanje\Desktop\Projects\DotNetProfile\AngularClient\dist\out-tsc\src\app\teacher\teacher.component.js.map
C:\Users\sanje\Desktop\Projects\DotNetProfile\AngularClient\dist\out-tsc\src\app\user\sign-in\sign-in.component.js
C:\Users\sanje\Desktop\Projects\DotNetProfile\AngularClient\dist\out-tsc\src\app\user\sign-in\sign-in.component.js.map
C:\Users\sanje\Desktop\Projects\DotNetProfile\AngularClient\dist\out-tsc\src\app\home\home.component.js
C:\Users\sanje\Desktop\Projects\DotNetProfile\AngularClient\dist\out-tsc\src\app\home\home.component.js.map
C:\Users\sanje\Desktop\Projects\DotNetProfile\AngularClient\dist\out-tsc\src\app\auth\auth.guard.js
C:\Users\sanje\Desktop\Projects\DotNetProfile\AngularClient\dist\out-tsc\src\app\auth\auth.guard.js.map
C:\Users\sanje\Desktop\Projects\DotNetProfile\AngularClient\dist\out-tsc\src\app\user\userlist.component.js
C:\Users\sanje\Desktop\Projects\DotNetProfile\AngularClient\dist\out-tsc\src\app\user\userlist.component.js.map
C:\Users\sanje\Desktop\Projects\DotNetProfile\AngularClient\dist\out-tsc\src\app\aboutus\aboutus\aboutus.component.js
C:\Users\sanje\Desktop\Projects\DotNetProfile\AngularClient\dist\out-tsc\src\app\aboutus\aboutus\aboutus.component.js.map
C:\Users\sanje\Desktop\Projects\DotNetProfile\AngularClient\dist\out-tsc\src\app\shared\employee.model.js
C:\Users\sanje\Desktop\Projects\DotNetProfile\AngularClient\dist\out-tsc\src\app\shared\employee.model.js.map
C:\Users\sanje\Desktop\Projects\DotNetProfile\AngularClient\dist\out-tsc\src\app\shared\employee.service.js
C:\Users\sanje\Desktop\Projects\DotNetProfile\AngularClient\dist\out-tsc\src\app\shared\employee.service.js.map
C:\Users\sanje\Desktop\Projects\DotNetProfile\AngularClient\dist\out-tsc\src\app\employee\employee.component.js
C:\Users\sanje\Desktop\Projects\DotNetProfile\AngularClient\dist\out-tsc\src\app\employee\employee.component.js.map
C:\Users\sanje\Desktop\Projects\DotNetProfile\AngularClient\dist\out-tsc\src\app\app-routing.module.js
C:\Users\sanje\Desktop\Projects\DotNetProfile\AngularClient\dist\out-tsc\src\app\app-routing.module.js.map
C:\Users\sanje\Desktop\Projects\DotNetProfile\AngularClient\dist\out-tsc\src\app\auth\auth.interceptor.js
C:\Users\sanje\Desktop\Projects\DotNetProfile\AngularClient\dist\out-tsc\src\app\auth\auth.interceptor.js.map
C:\Users\sanje\Desktop\Projects\DotNetProfile\AngularClient\dist\out-tsc\src\app\employee\employee.pipe.js
C:\Users\sanje\Desktop\Projects\DotNetProfile\AngularClient\dist\out-tsc\src\app\employee\employee.pipe.js.map
C:\Users\sanje\Desktop\Projects\DotNetProfile\AngularClient\dist\out-tsc\src\app\app.module.js
C:\Users\sanje\Desktop\Projects\DotNetProfile\AngularClient\dist\out-tsc\src\app\app.module.js.map
C:\Users\sanje\Desktop\Projects\DotNetProfile\AngularClient\dist\out-tsc\src\environments\environment.js
C:\Users\sanje\Desktop\Projects\DotNetProfile\AngularClient\dist\out-tsc\src\environments\environment.js.map
C:\Users\sanje\Desktop\Projects\DotNetProfile\AngularClient\dist\out-tsc\src\main.js
C:\Users\sanje\Desktop\Projects\DotNetProfile\AngularClient\dist\out-tsc\src\main.js.map
C:\Users\sanje\Desktop\Projects\DotNetProfile\AngularClient\dist\out-tsc\src\polyfills.js
C:\Users\sanje\Desktop\Projects\DotNetProfile\AngularClient\dist\out-tsc\src\polyfills.js.map
C:\Users\sanje\Desktop\Projects\DotNetProfile\AngularClient\dist\out-tsc\src\test.js
C:\Users\sanje\Desktop\Projects\DotNetProfile\AngularClient\dist\out-tsc\src\test.js.map
C:\Users\sanje\Desktop\Projects\DotNetProfile\AngularClient\dist\out-tsc\src\environments\environment.prod.js
C:\Users\sanje\Desktop\Projects\DotNetProfile\AngularClient\dist\out-tsc\src\environments\environment.prod.js.map
C:\Users\sanje\Desktop\Projects\DotNetProfile\AngularClient\dist\out-tsc\src\app\app.component.spec.js
C:\Users\sanje\Desktop\Projects\DotNetProfile\AngularClient\dist\out-tsc\src\app\app.component.spec.js.map
C:\Users\sanje\Desktop\Projects\DotNetProfile\AngularClient\dist\out-tsc\src\app\user\userlist.component.spec.js
C:\Users\sanje\Desktop\Projects\DotNetProfile\AngularClient\dist\out-tsc\src\app\user\userlist.component.spec.js.map
C:\Users\sanje\Desktop\Projects\DotNetProfile\AngularClient\dist\out-tsc\src\app\user\sign-up\sign-up.component.spec.js
C:\Users\sanje\Desktop\Projects\DotNetProfile\AngularClient\dist\out-tsc\src\app\user\sign-up\sign-up.component.spec.js.map
C:\Users\sanje\Desktop\Projects\DotNetProfile\AngularClient\dist\out-tsc\src\app\user\sign-in\sign-in.component.spec.js
C:\Users\sanje\Desktop\Projects\DotNetProfile\AngularClient\dist\out-tsc\src\app\user\sign-in\sign-in.component.spec.js.map
C:\Users\sanje\Desktop\Projects\DotNetProfile\AngularClient\dist\out-tsc\src\app\teacher\teacher.component.spec.js
C:\Users\sanje\Desktop\Projects\DotNetProfile\AngularClient\dist\out-tsc\src\app\teacher\teacher.component.spec.js.map
C:\Users\sanje\Desktop\Projects\DotNetProfile\AngularClient\dist\out-tsc\src\app\shared\user.service.spec.js
C:\Users\sanje\Desktop\Projects\DotNetProfile\AngularClient\dist\out-tsc\src\app\shared\user.service.spec.js.map
C:\Users\sanje\Desktop\Projects\DotNetProfile\AngularClient\dist\out-tsc\src\app\login\login.component.spec.js
C:\Users\sanje\Desktop\Projects\DotNetProfile\AngularClient\dist\out-tsc\src\app\login\login.component.spec.js.map
C:\Users\sanje\Desktop\Projects\DotNetProfile\AngularClient\dist\out-tsc\src\app\home\home.component.spec.js
C:\Users\sanje\Desktop\Projects\DotNetProfile\AngularClient\dist\out-tsc\src\app\home\home.component.spec.js.map
C:\Users\sanje\Desktop\Projects\DotNetProfile\AngularClient\dist\out-tsc\src\app\auth\auth.guard.spec.js
C:\Users\sanje\Desktop\Projects\DotNetProfile\AngularClient\dist\out-tsc\src\app\auth\auth.guard.spec.js.map
C:\Users\sanje\Desktop\Projects\DotNetProfile\AngularClient\dist\out-tsc\src\app\aboutus\aboutus\aboutus.component.spec.js
C:\Users\sanje\Desktop\Projects\DotNetProfile\AngularClient\dist\out-tsc\src\app\aboutus\aboutus\aboutus.component.spec.js.map
C:\Users\sanje\Desktop\Projects\DotNetProfile\AngularClient\dist\out-tsc\e2e\app.po.js
C:\Users\sanje\Desktop\Projects\DotNetProfile\AngularClient\dist\out-tsc\e2e\app.po.js.map
C:\Users\sanje\Desktop\Projects\DotNetProfile\AngularClient\dist\out-tsc\e2e\app.e2e-spec.js
C:\Users\sanje\Desktop\Projects\DotNetProfile\AngularClient\dist\out-tsc\e2e\app.e2e-spec.js.map
C:\Users\sanje\Desktop\Projects\DotNetProfile\AngularClient\dist\out-tsc\src\app\app.component.js
C:\Users\sanje\Desktop\Projects\DotNetProfile\AngularClient\dist\out-tsc\src\app\app.component.js.map
C:\Users\sanje\Desktop\Projects\DotNetProfile\AngularClient\dist\out-tsc\src\app\shared\user.model.js
C:\Users\sanje\Desktop\Projects\DotNetProfile\AngularClient\dist\out-tsc\src\app\shared\user.model.js.map
C:\Users\sanje\Desktop\Projects\DotNetProfile\AngularClient\dist\out-tsc\src\app\shared\user.service.js
C:\Users\sanje\Desktop\Projects\DotNetProfile\AngularClient\dist\out-tsc\src\app\shared\user.service.js.map
C:\Users\sanje\Desktop\Projects\DotNetProfile\AngularClient\dist\out-tsc\src\app\user\sign-up\sign-up.component.js
C:\Users\sanje\Desktop\Projects\DotNetProfile\AngularClient\dist\out-tsc\src\app\user\sign-up\sign-up.component.js.map
C:\Users\sanje\Desktop\Projects\DotNetProfile\AngularClient\dist\out-tsc\src\app\login\login.component.js
C:\Users\sanje\Desktop\Projects\DotNetProfile\AngularClient\dist\out-tsc\src\app\login\login.component.js.map
C:\Users\sanje\Desktop\Projects\DotNetProfile\AngularClient\dist\out-tsc\src\app\teacher\teacher.service.js
C:\Users\sanje\Desktop\Projects\DotNetProfile\AngularClient\dist\out-tsc\src\app\teacher\teacher.service.js.map
C:\Users\sanje\Desktop\Projects\DotNetProfile\AngularClient\dist\out-tsc\src\app\teacher\teacher.component.js
C:\Users\sanje\Desktop\Projects\DotNetProfile\AngularClient\dist\out-tsc\src\app\teacher\teacher.component.js.map
C:\Users\sanje\Desktop\Projects\DotNetProfile\AngularClient\dist\out-tsc\src\app\user\sign-in\sign-in.component.js
C:\Users\sanje\Desktop\Projects\DotNetProfile\AngularClient\dist\out-tsc\src\app\user\sign-in\sign-in.component.js.map
C:\Users\sanje\Desktop\Projects\DotNetProfile\AngularClient\dist\out-tsc\src\app\home\home.component.js
C:\Users\sanje\Desktop\Projects\DotNetProfile\AngularClient\dist\out-tsc\src\app\home\home.component.js.map
C:\Users\sanje\Desktop\Projects\DotNetProfile\AngularClient\dist\out-tsc\src\app\auth\auth.guard.js
C:\Users\sanje\Desktop\Projects\DotNetProfile\AngularClient\dist\out-tsc\src\app\auth\auth.guard.js.map
C:\Users\sanje\Desktop\Projects\DotNetProfile\AngularClient\dist\out-tsc\src\app\user\userlist.component.js
C:\Users\sanje\Desktop\Projects\DotNetProfile\AngularClient\dist\out-tsc\src\app\user\userlist.component.js.map
C:\Users\sanje\Desktop\Projects\DotNetProfile\AngularClient\dist\out-tsc\src\app\aboutus\aboutus\aboutus.component.js
C:\Users\sanje\Desktop\Projects\DotNetProfile\AngularClient\dist\out-tsc\src\app\aboutus\aboutus\aboutus.component.js.map
C:\Users\sanje\Desktop\Projects\DotNetProfile\AngularClient\dist\out-tsc\src\app\shared\employee.model.js
C:\Users\sanje\Desktop\Projects\DotNetProfile\AngularClient\dist\out-tsc\src\app\shared\employee.model.js.map
C:\Users\sanje\Desktop\Projects\DotNetProfile\AngularClient\dist\out-tsc\src\app\shared\employee.service.js
C:\Users\sanje\Desktop\Projects\DotNetProfile\AngularClient\dist\out-tsc\src\app\shared\employee.service.js.map
C:\Users\sanje\Desktop\Projects\DotNetProfile\AngularClient\dist\out-tsc\src\app\employee\employee.component.js
C:\Users\sanje\Desktop\Projects\DotNetProfile\AngularClient\dist\out-tsc\src\app\employee\employee.component.js.map
C:\Users\sanje\Desktop\Projects\DotNetProfile\AngularClient\dist\out-tsc\src\app\app-routing.module.js
C:\Users\sanje\Desktop\Projects\DotNetProfile\AngularClient\dist\out-tsc\src\app\app-routing.module.js.map
C:\Users\sanje\Desktop\Projects\DotNetProfile\AngularClient\dist\out-tsc\src\app\auth\auth.interceptor.js
C:\Users\sanje\Desktop\Projects\DotNetProfile\AngularClient\dist\out-tsc\src\app\auth\auth.interceptor.js.map
C:\Users\sanje\Desktop\Projects\DotNetProfile\AngularClient\dist\out-tsc\src\app\employee\employee.pipe.js
C:\Users\sanje\Desktop\Projects\DotNetProfile\AngularClient\dist\out-tsc\src\app\employee\employee.pipe.js.map
C:\Users\sanje\Desktop\Projects\DotNetProfile\AngularClient\dist\out-tsc\src\app\app.module.js
C:\Users\sanje\Desktop\Projects\DotNetProfile\AngularClient\dist\out-tsc\src\app\app.module.js.map
C:\Users\sanje\Desktop\Projects\DotNetProfile\AngularClient\dist\out-tsc\src\environments\environment.js
C:\Users\sanje\Desktop\Projects\DotNetProfile\AngularClient\dist\out-tsc\src\environments\environment.js.map
C:\Users\sanje\Desktop\Projects\DotNetProfile\AngularClient\dist\out-tsc\src\main.js
C:\Users\sanje\Desktop\Projects\DotNetProfile\AngularClient\dist\out-tsc\src\main.js.map
C:\Users\sanje\Desktop\Projects\DotNetProfile\AngularClient\dist\out-tsc\src\polyfills.js
C:\Users\sanje\Desktop\Projects\DotNetProfile\AngularClient\dist\out-tsc\src\polyfills.js.map
C:\Users\sanje\Desktop\Projects\DotNetProfile\AngularClient\dist\out-tsc\src\test.js
C:\Users\sanje\Desktop\Projects\DotNetProfile\AngularClient\dist\out-tsc\src\test.js.map
C:\Users\sanje\Desktop\Projects\DotNetProfile\AngularClient\dist\out-tsc\src\environments\environment.prod.js
C:\Users\sanje\Desktop\Projects\DotNetProfile\AngularClient\dist\out-tsc\src\environments\environment.prod.js.map
C:\Users\sanje\Desktop\Projects\DotNetProfile\AngularClient\dist\out-tsc\src\app\app.component.spec.js
C:\Users\sanje\Desktop\Projects\DotNetProfile\AngularClient\dist\out-tsc\src\app\app.component.spec.js.map
C:\Users\sanje\Desktop\Projects\DotNetProfile\AngularClient\dist\out-tsc\src\app\user\userlist.component.spec.js
C:\Users\sanje\Desktop\Projects\DotNetProfile\AngularClient\dist\out-tsc\src\app\user\userlist.component.spec.js.map
C:\Users\sanje\Desktop\Projects\DotNetProfile\AngularClient\dist\out-tsc\src\app\user\sign-up\sign-up.component.spec.js
C:\Users\sanje\Desktop\Projects\DotNetProfile\AngularClient\dist\out-tsc\src\app\user\sign-up\sign-up.component.spec.js.map
C:\Users\sanje\Desktop\Projects\DotNetProfile\AngularClient\dist\out-tsc\src\app\user\sign-in\sign-in.component.spec.js
C:\Users\sanje\Desktop\Projects\DotNetProfile\AngularClient\dist\out-tsc\src\app\user\sign-in\sign-in.component.spec.js.map
C:\Users\sanje\Desktop\Projects\DotNetProfile\AngularClient\dist\out-tsc\src\app\teacher\teacher.component.spec.js
C:\Users\sanje\Desktop\Projects\DotNetProfile\AngularClient\dist\out-tsc\src\app\teacher\teacher.component.spec.js.map
C:\Users\sanje\Desktop\Projects\DotNetProfile\AngularClient\dist\out-tsc\src\app\shared\user.service.spec.js
C:\Users\sanje\Desktop\Projects\DotNetProfile\AngularClient\dist\out-tsc\src\app\shared\user.service.spec.js.map
C:\Users\sanje\Desktop\Projects\DotNetProfile\AngularClient\dist\out-tsc\src\app\login\login.component.spec.js
C:\Users\sanje\Desktop\Projects\DotNetProfile\AngularClient\dist\out-tsc\src\app\login\login.component.spec.js.map
C:\Users\sanje\Desktop\Projects\DotNetProfile\AngularClient\dist\out-tsc\src\app\home\home.component.spec.js
C:\Users\sanje\Desktop\Projects\DotNetProfile\AngularClient\dist\out-tsc\src\app\home\home.component.spec.js.map
C:\Users\sanje\Desktop\Projects\DotNetProfile\AngularClient\dist\out-tsc\src\app\auth\auth.guard.spec.js
C:\Users\sanje\Desktop\Projects\DotNetProfile\AngularClient\dist\out-tsc\src\app\auth\auth.guard.spec.js.map
C:\Users\sanje\Desktop\Projects\DotNetProfile\AngularClient\dist\out-tsc\src\app\aboutus\aboutus\aboutus.component.spec.js
C:\Users\sanje\Desktop\Projects\DotNetProfile\AngularClient\dist\out-tsc\src\app\aboutus\aboutus\aboutus.component.spec.js.map
C:\Users\sanje\Desktop\Projects\DotNetProfile\AngularClient\dist\out-tsc\e2e\app.po.js
C:\Users\sanje\Desktop\Projects\DotNetProfile\AngularClient\dist\out-tsc\e2e\app.po.js.map
C:\Users\sanje\Desktop\Projects\DotNetProfile\AngularClient\dist\out-tsc\e2e\app.e2e-spec.js
C:\Users\sanje\Desktop\Projects\DotNetProfile\AngularClient\dist\out-tsc\e2e\app.e2e-spec.js.map
C:\Users\sanje\Desktop\Projects\DotNetProfile\AngularClient\dist\out-tsc\src\app\app.component.js
C:\Users\sanje\Desktop\Projects\DotNetProfile\AngularClient\dist\out-tsc\src\app\app.component.js.map
C:\Users\sanje\Desktop\Projects\DotNetProfile\AngularClient\dist\out-tsc\src\app\shared\user.model.js
C:\Users\sanje\Desktop\Projects\DotNetProfile\AngularClient\dist\out-tsc\src\app\shared\user.model.js.map
C:\Users\sanje\Desktop\Projects\DotNetProfile\AngularClient\dist\out-tsc\src\app\shared\user.service.js
C:\Users\sanje\Desktop\Projects\DotNetProfile\AngularClient\dist\out-tsc\src\app\shared\user.service.js.map
C:\Users\sanje\Desktop\Projects\DotNetProfile\AngularClient\dist\out-tsc\src\app\user\sign-up\sign-up.component.js
C:\Users\sanje\Desktop\Projects\DotNetProfile\AngularClient\dist\out-tsc\src\app\user\sign-up\sign-up.component.js.map
C:\Users\sanje\Desktop\Projects\DotNetProfile\AngularClient\dist\out-tsc\src\app\login\login.component.js
C:\Users\sanje\Desktop\Projects\DotNetProfile\AngularClient\dist\out-tsc\src\app\login\login.component.js.map
C:\Users\sanje\Desktop\Projects\DotNetProfile\AngularClient\dist\out-tsc\src\app\teacher\teacher.service.js
C:\Users\sanje\Desktop\Projects\DotNetProfile\AngularClient\dist\out-tsc\src\app\teacher\teacher.service.js.map
C:\Users\sanje\Desktop\Projects\DotNetProfile\AngularClient\dist\out-tsc\src\app\teacher\teacher.component.js
C:\Users\sanje\Desktop\Projects\DotNetProfile\AngularClient\dist\out-tsc\src\app\teacher\teacher.component.js.map
C:\Users\sanje\Desktop\Projects\DotNetProfile\AngularClient\dist\out-tsc\src\app\user\sign-in\sign-in.component.js
C:\Users\sanje\Desktop\Projects\DotNetProfile\AngularClient\dist\out-tsc\src\app\user\sign-in\sign-in.component.js.map
C:\Users\sanje\Desktop\Projects\DotNetProfile\AngularClient\dist\out-tsc\src\app\home\home.component.js
C:\Users\sanje\Desktop\Projects\DotNetProfile\AngularClient\dist\out-tsc\src\app\home\home.component.js.map
C:\Users\sanje\Desktop\Projects\DotNetProfile\AngularClient\dist\out-tsc\src\app\auth\auth.guard.js
C:\Users\sanje\Desktop\Projects\DotNetProfile\AngularClient\dist\out-tsc\src\app\auth\auth.guard.js.map
C:\Users\sanje\Desktop\Projects\DotNetProfile\AngularClient\dist\out-tsc\src\app\user\userlist.component.js
C:\Users\sanje\Desktop\Projects\DotNetProfile\AngularClient\dist\out-tsc\src\app\user\userlist.component.js.map
C:\Users\sanje\Desktop\Projects\DotNetProfile\AngularClient\dist\out-tsc\src\app\aboutus\aboutus\aboutus.component.js
C:\Users\sanje\Desktop\Projects\DotNetProfile\AngularClient\dist\out-tsc\src\app\aboutus\aboutus\aboutus.component.js.map
C:\Users\sanje\Desktop\Projects\DotNetProfile\AngularClient\dist\out-tsc\src\app\shared\employee.model.js
C:\Users\sanje\Desktop\Projects\DotNetProfile\AngularClient\dist\out-tsc\src\app\shared\employee.model.js.map
C:\Users\sanje\Desktop\Projects\DotNetProfile\AngularClient\dist\out-tsc\src\app\shared\employee.service.js
C:\Users\sanje\Desktop\Projects\DotNetProfile\AngularClient\dist\out-tsc\src\app\shared\employee.service.js.map
C:\Users\sanje\Desktop\Projects\DotNetProfile\AngularClient\dist\out-tsc\src\app\employee\employee.component.js
C:\Users\sanje\Desktop\Projects\DotNetProfile\AngularClient\dist\out-tsc\src\app\employee\employee.component.js.map
C:\Users\sanje\Desktop\Projects\DotNetProfile\AngularClient\dist\out-tsc\src\app\app-routing.module.js
C:\Users\sanje\Desktop\Projects\DotNetProfile\AngularClient\dist\out-tsc\src\app\app-routing.module.js.map
C:\Users\sanje\Desktop\Projects\DotNetProfile\AngularClient\dist\out-tsc\src\app\auth\auth.interceptor.js
C:\Users\sanje\Desktop\Projects\DotNetProfile\AngularClient\dist\out-tsc\src\app\auth\auth.interceptor.js.map
C:\Users\sanje\Desktop\Projects\DotNetProfile\AngularClient\dist\out-tsc\src\app\employee\employee.pipe.js
C:\Users\sanje\Desktop\Projects\DotNetProfile\AngularClient\dist\out-tsc\src\app\employee\employee.pipe.js.map
C:\Users\sanje\Desktop\Projects\DotNetProfile\AngularClient\dist\out-tsc\src\app\app.module.js
C:\Users\sanje\Desktop\Projects\DotNetProfile\AngularClient\dist\out-tsc\src\app\app.module.js.map
C:\Users\sanje\Desktop\Projects\DotNetProfile\AngularClient\dist\out-tsc\src\environments\environment.js
C:\Users\sanje\Desktop\Projects\DotNetProfile\AngularClient\dist\out-tsc\src\environments\environment.js.map
C:\Users\sanje\Desktop\Projects\DotNetProfile\AngularClient\dist\out-tsc\src\main.js
C:\Users\sanje\Desktop\Projects\DotNetProfile\AngularClient\dist\out-tsc\src\main.js.map
C:\Users\sanje\Desktop\Projects\DotNetProfile\AngularClient\dist\out-tsc\src\polyfills.js
C:\Users\sanje\Desktop\Projects\DotNetProfile\AngularClient\dist\out-tsc\src\polyfills.js.map
C:\Users\sanje\Desktop\Projects\DotNetProfile\AngularClient\dist\out-tsc\src\test.js
C:\Users\sanje\Desktop\Projects\DotNetProfile\AngularClient\dist\out-tsc\src\test.js.map
C:\Users\sanje\Desktop\Projects\DotNetProfile\AngularClient\dist\out-tsc\src\environments\environment.prod.js
C:\Users\sanje\Desktop\Projects\DotNetProfile\AngularClient\dist\out-tsc\src\environments\environment.prod.js.map
C:\Users\sanje\Desktop\Projects\DotNetProfile\AngularClient\dist\out-tsc\src\app\app.component.spec.js
C:\Users\sanje\Desktop\Projects\DotNetProfile\AngularClient\dist\out-tsc\src\app\app.component.spec.js.map
C:\Users\sanje\Desktop\Projects\DotNetProfile\AngularClient\dist\out-tsc\src\app\user\userlist.component.spec.js
C:\Users\sanje\Desktop\Projects\DotNetProfile\AngularClient\dist\out-tsc\src\app\user\userlist.component.spec.js.map
C:\Users\sanje\Desktop\Projects\DotNetProfile\AngularClient\dist\out-tsc\src\app\user\sign-up\sign-up.component.spec.js
C:\Users\sanje\Desktop\Projects\DotNetProfile\AngularClient\dist\out-tsc\src\app\user\sign-up\sign-up.component.spec.js.map
C:\Users\sanje\Desktop\Projects\DotNetProfile\AngularClient\dist\out-tsc\src\app\user\sign-in\sign-in.component.spec.js
C:\Users\sanje\Desktop\Projects\DotNetProfile\AngularClient\dist\out-tsc\src\app\user\sign-in\sign-in.component.spec.js.map
C:\Users\sanje\Desktop\Projects\DotNetProfile\AngularClient\dist\out-tsc\src\app\teacher\teacher.component.spec.js
C:\Users\sanje\Desktop\Projects\DotNetProfile\AngularClient\dist\out-tsc\src\app\teacher\teacher.component.spec.js.map
C:\Users\sanje\Desktop\Projects\DotNetProfile\AngularClient\dist\out-tsc\src\app\shared\user.service.spec.js
C:\Users\sanje\Desktop\Projects\DotNetProfile\AngularClient\dist\out-tsc\src\app\shared\user.service.spec.js.map
C:\Users\sanje\Desktop\Projects\DotNetProfile\AngularClient\dist\out-tsc\src\app\login\login.component.spec.js
C:\Users\sanje\Desktop\Projects\DotNetProfile\AngularClient\dist\out-tsc\src\app\login\login.component.spec.js.map
C:\Users\sanje\Desktop\Projects\DotNetProfile\AngularClient\dist\out-tsc\src\app\home\home.component.spec.js
C:\Users\sanje\Desktop\Projects\DotNetProfile\AngularClient\dist\out-tsc\src\app\home\home.component.spec.js.map
C:\Users\sanje\Desktop\Projects\DotNetProfile\AngularClient\dist\out-tsc\src\app\auth\auth.guard.spec.js
C:\Users\sanje\Desktop\Projects\DotNetProfile\AngularClient\dist\out-tsc\src\app\auth\auth.guard.spec.js.map
C:\Users\sanje\Desktop\Projects\DotNetProfile\AngularClient\dist\out-tsc\src\app\aboutus\aboutus\aboutus.component.spec.js
C:\Users\sanje\Desktop\Projects\DotNetProfile\AngularClient\dist\out-tsc\src\app\aboutus\aboutus\aboutus.component.spec.js.map
C:\Users\sanje\Desktop\Projects\DotNetProfile\AngularClient\dist\out-tsc\e2e\app.po.js
C:\Users\sanje\Desktop\Projects\DotNetProfile\AngularClient\dist\out-tsc\e2e\app.po.js.map
C:\Users\sanje\Desktop\Projects\DotNetProfile\AngularClient\dist\out-tsc\e2e\app.e2e-spec.js
C:\Users\sanje\Desktop\Projects\DotNetProfile\AngularClient\dist\out-tsc\e2e\app.e2e-spec.js.map
C:\Users\sanje\Desktop\Projects\DotNetProfile\AngularClient\dist\out-tsc\src\app\app.component.js
C:\Users\sanje\Desktop\Projects\DotNetProfile\AngularClient\dist\out-tsc\src\app\app.component.js.map
C:\Users\sanje\Desktop\Projects\DotNetProfile\AngularClient\dist\out-tsc\src\app\shared\user.model.js
C:\Users\sanje\Desktop\Projects\DotNetProfile\AngularClient\dist\out-tsc\src\app\shared\user.model.js.map
C:\Users\sanje\Desktop\Projects\DotNetProfile\AngularClient\dist\out-tsc\src\app\shared\user.service.js
C:\Users\sanje\Desktop\Projects\DotNetProfile\AngularClient\dist\out-tsc\src\app\shared\user.service.js.map
C:\Users\sanje\Desktop\Projects\DotNetProfile\AngularClient\dist\out-tsc\src\app\user\sign-up\sign-up.component.js
C:\Users\sanje\Desktop\Projects\DotNetProfile\AngularClient\dist\out-tsc\src\app\user\sign-up\sign-up.component.js.map
C:\Users\sanje\Desktop\Projects\DotNetProfile\AngularClient\dist\out-tsc\src\app\login\login.component.js
C:\Users\sanje\Desktop\Projects\DotNetProfile\AngularClient\dist\out-tsc\src\app\login\login.component.js.map
C:\Users\sanje\Desktop\Projects\DotNetProfile\AngularClient\dist\out-tsc\src\app\teacher\teacher.service.js
C:\Users\sanje\Desktop\Projects\DotNetProfile\AngularClient\dist\out-tsc\src\app\teacher\teacher.service.js.map
C:\Users\sanje\Desktop\Projects\DotNetProfile\AngularClient\dist\out-tsc\src\app\teacher\teacher.component.js
C:\Users\sanje\Desktop\Projects\DotNetProfile\AngularClient\dist\out-tsc\src\app\teacher\teacher.component.js.map
C:\Users\sanje\Desktop\Projects\DotNetProfile\AngularClient\dist\out-tsc\src\app\user\sign-in\sign-in.component.js
C:\Users\sanje\Desktop\Projects\DotNetProfile\AngularClient\dist\out-tsc\src\app\user\sign-in\sign-in.component.js.map
C:\Users\sanje\Desktop\Projects\DotNetProfile\AngularClient\dist\out-tsc\src\app\home\home.component.js
C:\Users\sanje\Desktop\Projects\DotNetProfile\AngularClient\dist\out-tsc\src\app\home\home.component.js.map
C:\Users\sanje\Desktop\Projects\DotNetProfile\AngularClient\dist\out-tsc\src\app\auth\auth.guard.js
C:\Users\sanje\Desktop\Projects\DotNetProfile\AngularClient\dist\out-tsc\src\app\auth\auth.guard.js.map
C:\Users\sanje\Desktop\Projects\DotNetProfile\AngularClient\dist\out-tsc\src\app\user\userlist.component.js
C:\Users\sanje\Desktop\Projects\DotNetProfile\AngularClient\dist\out-tsc\src\app\user\userlist.component.js.map
C:\Users\sanje\Desktop\Projects\DotNetProfile\AngularClient\dist\out-tsc\src\app\aboutus\aboutus\aboutus.component.js
C:\Users\sanje\Desktop\Projects\DotNetProfile\AngularClient\dist\out-tsc\src\app\aboutus\aboutus\aboutus.component.js.map
C:\Users\sanje\Desktop\Projects\DotNetProfile\AngularClient\dist\out-tsc\src\app\shared\employee.model.js
C:\Users\sanje\Desktop\Projects\DotNetProfile\AngularClient\dist\out-tsc\src\app\shared\employee.model.js.map
C:\Users\sanje\Desktop\Projects\DotNetProfile\AngularClient\dist\out-tsc\src\app\shared\employee.service.js
C:\Users\sanje\Desktop\Projects\DotNetProfile\AngularClient\dist\out-tsc\src\app\shared\employee.service.js.map
C:\Users\sanje\Desktop\Projects\DotNetProfile\AngularClient\dist\out-tsc\src\app\employee\employee.component.js
C:\Users\sanje\Desktop\Projects\DotNetProfile\AngularClient\dist\out-tsc\src\app\employee\employee.component.js.map
C:\Users\sanje\Desktop\Projects\DotNetProfile\AngularClient\dist\out-tsc\src\app\app-routing.module.js
C:\Users\sanje\Desktop\Projects\DotNetProfile\AngularClient\dist\out-tsc\src\app\app-routing.module.js.map
C:\Users\sanje\Desktop\Projects\DotNetProfile\AngularClient\dist\out-tsc\src\app\auth\auth.interceptor.js
C:\Users\sanje\Desktop\Projects\DotNetProfile\AngularClient\dist\out-tsc\src\app\auth\auth.interceptor.js.map
C:\Users\sanje\Desktop\Projects\DotNetProfile\AngularClient\dist\out-tsc\src\app\employee\employee.pipe.js
C:\Users\sanje\Desktop\Projects\DotNetProfile\AngularClient\dist\out-tsc\src\app\employee\employee.pipe.js.map
C:\Users\sanje\Desktop\Projects\DotNetProfile\AngularClient\dist\out-tsc\src\app\app.module.js
C:\Users\sanje\Desktop\Projects\DotNetProfile\AngularClient\dist\out-tsc\src\app\app.module.js.map
C:\Users\sanje\Desktop\Projects\DotNetProfile\AngularClient\dist\out-tsc\src\environments\environment.js
C:\Users\sanje\Desktop\Projects\DotNetProfile\AngularClient\dist\out-tsc\src\environments\environment.js.map
C:\Users\sanje\Desktop\Projects\DotNetProfile\AngularClient\dist\out-tsc\src\main.js
C:\Users\sanje\Desktop\Projects\DotNetProfile\AngularClient\dist\out-tsc\src\main.js.map
C:\Users\sanje\Desktop\Projects\DotNetProfile\AngularClient\dist\out-tsc\src\polyfills.js
C:\Users\sanje\Desktop\Projects\DotNetProfile\AngularClient\dist\out-tsc\src\polyfills.js.map
C:\Users\sanje\Desktop\Projects\DotNetProfile\AngularClient\dist\out-tsc\src\test.js
C:\Users\sanje\Desktop\Projects\DotNetProfile\AngularClient\dist\out-tsc\src\test.js.map
C:\Users\sanje\Desktop\Projects\DotNetProfile\AngularClient\dist\out-tsc\src\environments\environment.prod.js
C:\Users\sanje\Desktop\Projects\DotNetProfile\AngularClient\dist\out-tsc\src\environments\environment.prod.js.map
C:\Users\sanje\Desktop\Projects\DotNetProfile\AngularClient\dist\out-tsc\src\app\app.component.spec.js
C:\Users\sanje\Desktop\Projects\DotNetProfile\AngularClient\dist\out-tsc\src\app\app.component.spec.js.map
C:\Users\sanje\Desktop\Projects\DotNetProfile\AngularClient\dist\out-tsc\src\app\user\userlist.component.spec.js
C:\Users\sanje\Desktop\Projects\DotNetProfile\AngularClient\dist\out-tsc\src\app\user\userlist.component.spec.js.map
C:\Users\sanje\Desktop\Projects\DotNetProfile\AngularClient\dist\out-tsc\src\app\user\sign-up\sign-up.component.spec.js
C:\Users\sanje\Desktop\Projects\DotNetProfile\AngularClient\dist\out-tsc\src\app\user\sign-up\sign-up.component.spec.js.map
C:\Users\sanje\Desktop\Projects\DotNetProfile\AngularClient\dist\out-tsc\src\app\user\sign-in\sign-in.component.spec.js
C:\Users\sanje\Desktop\Projects\DotNetProfile\AngularClient\dist\out-tsc\src\app\user\sign-in\sign-in.component.spec.js.map
C:\Users\sanje\Desktop\Projects\DotNetProfile\AngularClient\dist\out-tsc\src\app\teacher\teacher.component.spec.js
C:\Users\sanje\Desktop\Projects\DotNetProfile\AngularClient\dist\out-tsc\src\app\teacher\teacher.component.spec.js.map
C:\Users\sanje\Desktop\Projects\DotNetProfile\AngularClient\dist\out-tsc\src\app\shared\user.service.spec.js
C:\Users\sanje\Desktop\Projects\DotNetProfile\AngularClient\dist\out-tsc\src\app\shared\user.service.spec.js.map
C:\Users\sanje\Desktop\Projects\DotNetProfile\AngularClient\dist\out-tsc\src\app\login\login.component.spec.js
C:\Users\sanje\Desktop\Projects\DotNetProfile\AngularClient\dist\out-tsc\src\app\login\login.component.spec.js.map
C:\Users\sanje\Desktop\Projects\DotNetProfile\AngularClient\dist\out-tsc\src\app\home\home.component.spec.js
C:\Users\sanje\Desktop\Projects\DotNetProfile\AngularClient\dist\out-tsc\src\app\home\home.component.spec.js.map
C:\Users\sanje\Desktop\Projects\DotNetProfile\AngularClient\dist\out-tsc\src\app\auth\auth.guard.spec.js
C:\Users\sanje\Desktop\Projects\DotNetProfile\AngularClient\dist\out-tsc\src\app\auth\auth.guard.spec.js.map
C:\Users\sanje\Desktop\Projects\DotNetProfile\AngularClient\dist\out-tsc\src\app\aboutus\aboutus\aboutus.component.spec.js
C:\Users\sanje\Desktop\Projects\DotNetProfile\AngularClient\dist\out-tsc\src\app\aboutus\aboutus\aboutus.component.spec.js.map
C:\Users\sanje\Desktop\Projects\DotNetProfile\AngularClient\dist\out-tsc\e2e\app.po.js
C:\Users\sanje\Desktop\Projects\DotNetProfile\AngularClient\dist\out-tsc\e2e\app.po.js.map
C:\Users\sanje\Desktop\Projects\DotNetProfile\AngularClient\dist\out-tsc\e2e\app.e2e-spec.js
C:\Users\sanje\Desktop\Projects\DotNetProfile\AngularClient\dist\out-tsc\e2e\app.e2e-spec.js.map
